  CS330 Final Project.cpp
C:\Users\spark\source\repos\CS330 Final Project\CS330 Final Project\CS330 Final Project.cpp(258,22): warning C4244: 'initializing': conversion from 'double' to 'float', possible loss of data
C:\Users\spark\source\repos\CS330 Final Project\CS330 Final Project\CS330 Final Project.cpp(415,12): warning C4244: '=': conversion from 'double' to 'float', possible loss of data
C:\Users\spark\source\repos\CS330 Final Project\CS330 Final Project\CS330 Final Project.cpp(416,12): warning C4244: '=': conversion from 'double' to 'float', possible loss of data
C:\Users\spark\source\repos\CS330 Final Project\CS330 Final Project\CS330 Final Project.cpp(419,16): warning C4244: 'initializing': conversion from 'double' to 'float', possible loss of data
C:\Users\spark\source\repos\CS330 Final Project\CS330 Final Project\CS330 Final Project.cpp(420,16): warning C4244: 'initializing': conversion from 'double' to 'float', possible loss of data
C:\Users\spark\source\repos\CS330 Final Project\CS330 Final Project\CS330 Final Project.cpp(422,11): warning C4244: '=': conversion from 'double' to 'float', possible loss of data
C:\Users\spark\source\repos\CS330 Final Project\CS330 Final Project\CS330 Final Project.cpp(423,11): warning C4244: '=': conversion from 'double' to 'float', possible loss of data
C:\Users\spark\source\repos\CS330 Final Project\CS330 Final Project\CS330 Final Project.cpp(433,29): warning C4244: 'argument': conversion from 'double' to 'float', possible loss of data
CS330 Final Project.obj : error LNK2019: unresolved external symbol __imp_glewInit referenced in function "bool __cdecl UInitialize(int,char * * const,struct GLFWwindow * *)" (?UInitialize@@YA_NHQEAPEADPEAPEAUGLFWwindow@@@Z)
CS330 Final Project.obj : error LNK2019: unresolved external symbol __imp_glewGetErrorString referenced in function "bool __cdecl UInitialize(int,char * * const,struct GLFWwindow * *)" (?UInitialize@@YA_NHQEAPEADPEAPEAUGLFWwindow@@@Z)
CS330 Final Project.obj : error LNK2019: unresolved external symbol glfwInit referenced in function "bool __cdecl UInitialize(int,char * * const,struct GLFWwindow * *)" (?UInitialize@@YA_NHQEAPEADPEAPEAUGLFWwindow@@@Z)
CS330 Final Project.obj : error LNK2019: unresolved external symbol glfwTerminate referenced in function "bool __cdecl UInitialize(int,char * * const,struct GLFWwindow * *)" (?UInitialize@@YA_NHQEAPEADPEAPEAUGLFWwindow@@@Z)
CS330 Final Project.obj : error LNK2019: unresolved external symbol glfwWindowHint referenced in function "bool __cdecl UInitialize(int,char * * const,struct GLFWwindow * *)" (?UInitialize@@YA_NHQEAPEADPEAPEAUGLFWwindow@@@Z)
CS330 Final Project.obj : error LNK2019: unresolved external symbol glfwCreateWindow referenced in function "bool __cdecl UInitialize(int,char * * const,struct GLFWwindow * *)" (?UInitialize@@YA_NHQEAPEADPEAPEAUGLFWwindow@@@Z)
CS330 Final Project.obj : error LNK2019: unresolved external symbol glfwWindowShouldClose referenced in function main
CS330 Final Project.obj : error LNK2019: unresolved external symbol glfwSetWindowShouldClose referenced in function "void __cdecl UProcessInput(struct GLFWwindow *)" (?UProcessInput@@YAXPEAUGLFWwindow@@@Z)
CS330 Final Project.obj : error LNK2019: unresolved external symbol glfwSetFramebufferSizeCallback referenced in function "bool __cdecl UInitialize(int,char * * const,struct GLFWwindow * *)" (?UInitialize@@YA_NHQEAPEADPEAPEAUGLFWwindow@@@Z)
CS330 Final Project.obj : error LNK2019: unresolved external symbol glfwPollEvents referenced in function main
CS330 Final Project.obj : error LNK2019: unresolved external symbol glfwSetInputMode referenced in function "bool __cdecl UInitialize(int,char * * const,struct GLFWwindow * *)" (?UInitialize@@YA_NHQEAPEADPEAPEAUGLFWwindow@@@Z)
CS330 Final Project.obj : error LNK2019: unresolved external symbol glfwGetKey referenced in function "void __cdecl UProcessInput(struct GLFWwindow *)" (?UProcessInput@@YAXPEAUGLFWwindow@@@Z)
CS330 Final Project.obj : error LNK2019: unresolved external symbol glfwSetMouseButtonCallback referenced in function "bool __cdecl UInitialize(int,char * * const,struct GLFWwindow * *)" (?UInitialize@@YA_NHQEAPEADPEAPEAUGLFWwindow@@@Z)
CS330 Final Project.obj : error LNK2019: unresolved external symbol glfwSetCursorPosCallback referenced in function "bool __cdecl UInitialize(int,char * * const,struct GLFWwindow * *)" (?UInitialize@@YA_NHQEAPEADPEAPEAUGLFWwindow@@@Z)
CS330 Final Project.obj : error LNK2019: unresolved external symbol glfwSetScrollCallback referenced in function "bool __cdecl UInitialize(int,char * * const,struct GLFWwindow * *)" (?UInitialize@@YA_NHQEAPEADPEAPEAUGLFWwindow@@@Z)
CS330 Final Project.obj : error LNK2019: unresolved external symbol glfwGetTime referenced in function main
CS330 Final Project.obj : error LNK2019: unresolved external symbol glfwMakeContextCurrent referenced in function "bool __cdecl UInitialize(int,char * * const,struct GLFWwindow * *)" (?UInitialize@@YA_NHQEAPEADPEAPEAUGLFWwindow@@@Z)
CS330 Final Project.obj : error LNK2019: unresolved external symbol glfwSwapBuffers referenced in function "void __cdecl URender(void)" (?URender@@YAXXZ)
CS330 Final Project.obj : error LNK2019: unresolved external symbol __imp___glewActiveTexture referenced in function "void __cdecl URender(void)" (?URender@@YAXXZ)
CS330 Final Project.obj : error LNK2019: unresolved external symbol __imp___glewBindBuffer referenced in function "void __cdecl UCreateMesh(struct `anonymous namespace'::GLMesh &)" (?UCreateMesh@@YAXAEAUGLMesh@?A0x9a49bc32@@@Z)
CS330 Final Project.obj : error LNK2019: unresolved external symbol __imp___glewBufferData referenced in function "void __cdecl UCreateMesh(struct `anonymous namespace'::GLMesh &)" (?UCreateMesh@@YAXAEAUGLMesh@?A0x9a49bc32@@@Z)
CS330 Final Project.obj : error LNK2019: unresolved external symbol __imp___glewDeleteBuffers referenced in function "void __cdecl UDestroyMesh(struct `anonymous namespace'::GLMesh &)" (?UDestroyMesh@@YAXAEAUGLMesh@?A0x9a49bc32@@@Z)
CS330 Final Project.obj : error LNK2019: unresolved external symbol __imp___glewGenBuffers referenced in function "void __cdecl UCreateMesh(struct `anonymous namespace'::GLMesh &)" (?UCreateMesh@@YAXAEAUGLMesh@?A0x9a49bc32@@@Z)
CS330 Final Project.obj : error LNK2019: unresolved external symbol __imp___glewAttachShader referenced in function "bool __cdecl UCreateShaderProgram(char const *,char const *,unsigned int &)" (?UCreateShaderProgram@@YA_NPEBD0AEAI@Z)
CS330 Final Project.obj : error LNK2019: unresolved external symbol __imp___glewCompileShader referenced in function "bool __cdecl UCreateShaderProgram(char const *,char const *,unsigned int &)" (?UCreateShaderProgram@@YA_NPEBD0AEAI@Z)
CS330 Final Project.obj : error LNK2019: unresolved external symbol __imp___glewCreateProgram referenced in function "bool __cdecl UCreateShaderProgram(char const *,char const *,unsigned int &)" (?UCreateShaderProgram@@YA_NPEBD0AEAI@Z)
CS330 Final Project.obj : error LNK2019: unresolved external symbol __imp___glewCreateShader referenced in function "bool __cdecl UCreateShaderProgram(char const *,char const *,unsigned int &)" (?UCreateShaderProgram@@YA_NPEBD0AEAI@Z)
CS330 Final Project.obj : error LNK2019: unresolved external symbol __imp___glewDeleteProgram referenced in function "void __cdecl UDestroyShaderProgram(unsigned int)" (?UDestroyShaderProgram@@YAXI@Z)
CS330 Final Project.obj : error LNK2019: unresolved external symbol __imp___glewEnableVertexAttribArray referenced in function "void __cdecl UCreateMesh(struct `anonymous namespace'::GLMesh &)" (?UCreateMesh@@YAXAEAUGLMesh@?A0x9a49bc32@@@Z)
CS330 Final Project.obj : error LNK2019: unresolved external symbol __imp___glewGetProgramInfoLog referenced in function "bool __cdecl UCreateShaderProgram(char const *,char const *,unsigned int &)" (?UCreateShaderProgram@@YA_NPEBD0AEAI@Z)
CS330 Final Project.obj : error LNK2019: unresolved external symbol __imp___glewGetProgramiv referenced in function "bool __cdecl UCreateShaderProgram(char const *,char const *,unsigned int &)" (?UCreateShaderProgram@@YA_NPEBD0AEAI@Z)
CS330 Final Project.obj : error LNK2019: unresolved external symbol __imp___glewGetShaderInfoLog referenced in function "bool __cdecl UCreateShaderProgram(char const *,char const *,unsigned int &)" (?UCreateShaderProgram@@YA_NPEBD0AEAI@Z)
CS330 Final Project.obj : error LNK2019: unresolved external symbol __imp___glewGetShaderiv referenced in function "bool __cdecl UCreateShaderProgram(char const *,char const *,unsigned int &)" (?UCreateShaderProgram@@YA_NPEBD0AEAI@Z)
CS330 Final Project.obj : error LNK2019: unresolved external symbol __imp___glewGetUniformLocation referenced in function "void __cdecl URender(void)" (?URender@@YAXXZ)
CS330 Final Project.obj : error LNK2019: unresolved external symbol __imp___glewLinkProgram referenced in function "bool __cdecl UCreateShaderProgram(char const *,char const *,unsigned int &)" (?UCreateShaderProgram@@YA_NPEBD0AEAI@Z)
CS330 Final Project.obj : error LNK2019: unresolved external symbol __imp___glewShaderSource referenced in function "bool __cdecl UCreateShaderProgram(char const *,char const *,unsigned int &)" (?UCreateShaderProgram@@YA_NPEBD0AEAI@Z)
CS330 Final Project.obj : error LNK2019: unresolved external symbol __imp___glewUniform1i referenced in function main
CS330 Final Project.obj : error LNK2019: unresolved external symbol __imp___glewUniform2fv referenced in function "void __cdecl URender(void)" (?URender@@YAXXZ)
CS330 Final Project.obj : error LNK2019: unresolved external symbol __imp___glewUniform3f referenced in function "void __cdecl URender(void)" (?URender@@YAXXZ)
CS330 Final Project.obj : error LNK2019: unresolved external symbol __imp___glewUniformMatrix4fv referenced in function "void __cdecl URender(void)" (?URender@@YAXXZ)
CS330 Final Project.obj : error LNK2019: unresolved external symbol __imp___glewUseProgram referenced in function "bool __cdecl UCreateShaderProgram(char const *,char const *,unsigned int &)" (?UCreateShaderProgram@@YA_NPEBD0AEAI@Z)
CS330 Final Project.obj : error LNK2019: unresolved external symbol __imp___glewVertexAttribPointer referenced in function "void __cdecl UCreateMesh(struct `anonymous namespace'::GLMesh &)" (?UCreateMesh@@YAXAEAUGLMesh@?A0x9a49bc32@@@Z)
CS330 Final Project.obj : error LNK2019: unresolved external symbol __imp___glewGenerateMipmap referenced in function "bool __cdecl UCreateTexture(char const *,unsigned int &)" (?UCreateTexture@@YA_NPEBDAEAI@Z)
CS330 Final Project.obj : error LNK2019: unresolved external symbol __imp___glewBindVertexArray referenced in function "void __cdecl UCreateMesh(struct `anonymous namespace'::GLMesh &)" (?UCreateMesh@@YAXAEAUGLMesh@?A0x9a49bc32@@@Z)
CS330 Final Project.obj : error LNK2019: unresolved external symbol __imp___glewDeleteVertexArrays referenced in function "void __cdecl UDestroyMesh(struct `anonymous namespace'::GLMesh &)" (?UDestroyMesh@@YAXAEAUGLMesh@?A0x9a49bc32@@@Z)
CS330 Final Project.obj : error LNK2019: unresolved external symbol __imp___glewGenVertexArrays referenced in function "void __cdecl UCreateMesh(struct `anonymous namespace'::GLMesh &)" (?UCreateMesh@@YAXAEAUGLMesh@?A0x9a49bc32@@@Z)
CS330 Final Project.obj : error LNK2019: unresolved external symbol __imp_glewExperimental referenced in function "bool __cdecl UInitialize(int,char * * const,struct GLFWwindow * *)" (?UInitialize@@YA_NHQEAPEADPEAPEAUGLFWwindow@@@Z)
C:\Users\spark\OneDrive - SNHU\Documents\OpenGL\OpenGL\GLFW\lib-vc2019\glfw3.lib : warning LNK4272: library machine type 'x86' conflicts with target machine type 'x64'
C:\Users\spark\OneDrive - SNHU\Documents\OpenGL\OpenGL\GLEW\lib\Release\Win32\glew32.lib : warning LNK4272: library machine type 'x86' conflicts with target machine type 'x64'
C:\Users\spark\source\repos\CS330 Final Project\x64\Debug\CS330 Final Project.exe : fatal error LNK1120: 47 unresolved externals
